IYiMing/proguard/seeds.txt
com.iyiming.mobile.R$anim: int pop_in_down_to_up
com.iyiming.mobile.R$anim: int pop_in_up_to_down
com.iyiming.mobile.R$anim: int pop_out_down_to_up
com.iyiming.mobile.R$anim: int pop_out_up_to_down
com.iyiming.mobile.R$anim: int umeng_socialize_fade_in
com.iyiming.mobile.R$anim: int umeng_socialize_fade_out
com.iyiming.mobile.R$anim: int umeng_socialize_shareboard_animation_in
com.iyiming.mobile.R$anim: int umeng_socialize_shareboard_animation_out
com.iyiming.mobile.R$anim: int umeng_socialize_slide_in_from_bottom
com.iyiming.mobile.R$anim: int umeng_socialize_slide_out_from_bottom
com.iyiming.mobile.R$array: int country
com.iyiming.mobile.R$array: int date
com.iyiming.mobile.R$array: int progress_color_options
com.iyiming.mobile.R$array: int progress_value_options
com.iyiming.mobile.R$array: int wheel_color_options
com.iyiming.mobile.R$attr: int barColor
com.iyiming.mobile.R$attr: int barSpinCycleTime
com.iyiming.mobile.R$attr: int barWidth
com.iyiming.mobile.R$attr: int border_color
com.iyiming.mobile.R$attr: int border_width
com.iyiming.mobile.R$attr: int centered
com.iyiming.mobile.R$attr: int circleRadius
com.iyiming.mobile.R$attr: int clipPadding
com.iyiming.mobile.R$attr: int corner_radius
com.iyiming.mobile.R$attr: int fadeDelay
com.iyiming.mobile.R$attr: int fadeLength
com.iyiming.mobile.R$attr: int fades
com.iyiming.mobile.R$attr: int fillColor
com.iyiming.mobile.R$attr: int fillRadius
com.iyiming.mobile.R$attr: int footerColor
com.iyiming.mobile.R$attr: int footerIndicatorHeight
com.iyiming.mobile.R$attr: int footerIndicatorStyle
com.iyiming.mobile.R$attr: int footerIndicatorUnderlinePadding
com.iyiming.mobile.R$attr: int footerLineHeight
com.iyiming.mobile.R$attr: int footerPadding
com.iyiming.mobile.R$attr: int gapWidth
com.iyiming.mobile.R$attr: int isScale
com.iyiming.mobile.R$attr: int linePosition
com.iyiming.mobile.R$attr: int lineWidth
com.iyiming.mobile.R$attr: int linearProgress
com.iyiming.mobile.R$attr: int mdActiveIndicator
com.iyiming.mobile.R$attr: int mdAllowIndicatorAnimation
com.iyiming.mobile.R$attr: int mdContentBackground
com.iyiming.mobile.R$attr: int mdDrawOverlay
com.iyiming.mobile.R$attr: int mdDrawerClosedUpContentDescription
com.iyiming.mobile.R$attr: int mdDrawerOpenUpContentDescription
com.iyiming.mobile.R$attr: int mdDropShadow
com.iyiming.mobile.R$bool: int default_circle_indicator_centered
com.iyiming.mobile.R$bool: int default_circle_indicator_snap
com.iyiming.mobile.R$bool: int default_line_indicator_centered
com.iyiming.mobile.R$bool: int default_title_indicator_selected_bold
com.iyiming.mobile.R$bool: int default_underline_indicator_fades
...
org.apache.http.impl.client.DefaultConnectionKeepAliveStrategy
org.apache.http.impl.client.DefaultConnectionKeepAliveStrategy: org.apache.http.impl.client.DefaultConnectionKeepAliveStrategy INSTANCE
org.apache.http.impl.client.DefaultConnectionKeepAliveStrategy: DefaultConnectionKeepAliveStrategy()
org.apache.http.impl.client.DefaultConnectionKeepAliveStrategy: long getKeepAliveDuration(org.apache.http.HttpResponse,org.apache.http.protocol.HttpContext)
org.apache.http.impl.client.DefaultConnectionKeepAliveStrategy: void <clinit>()
org.apache.http.impl.client.DefaultHttpClient
org.apache.http.impl.client.DefaultHttpClient: DefaultHttpClient(org.apache.http.conn.ClientConnectionManager,org.apache.http.params.HttpParams)
org.apache.http.impl.client.DefaultHttpClient: DefaultHttpClient(org.apache.http.conn.ClientConnectionManager)
org.apache.http.impl.client.DefaultHttpClient: DefaultHttpClient(org.apache.http.params.HttpParams)
org.apache.http.impl.client.DefaultHttpClient: DefaultHttpClient()
org.apache.http.impl.client.DefaultHttpClient: org.apache.http.params.HttpParams createHttpParams()
org.apache.http.impl.client.DefaultHttpClient: void setDefaultHttpParams(org.apache.http.params.HttpParams)
org.apache.http.impl.client.DefaultHttpClient: org.apache.http.protocol.BasicHttpProcessor createHttpProcessor()
org.apache.http.impl.client.DefaultHttpRequestRetryHandler
org.apache.http.impl.client.DefaultHttpRequestRetryHandler: org.apache.http.impl.client.DefaultHttpRequestRetryHandler INSTANCE
org.apache.http.impl.client.DefaultHttpRequestRetryHandler: int retryCount
org.apache.http.impl.client.DefaultHttpRequestRetryHandler: boolean requestSentRetryEnabled
org.apache.http.impl.client.DefaultHttpRequestRetryHandler: java.util.Set nonRetriableClasses
org.apache.http.impl.client.DefaultHttpRequestRetryHandler: DefaultHttpRequestRetryHandler(int,boolean,java.util.Collection)
org.apache.http.impl.client.DefaultHttpRequestRetryHandler: DefaultHttpRequestRetryHandler(int,boolean)
org.apache.http.impl.client.DefaultHttpRequestRetryHandler: DefaultHttpRequestRetryHandler()
org.apache.http.impl.client.DefaultHttpRequestRetryHandler: boolean retryRequest(java.io.IOException,int,org.apache.http.protocol.HttpContext)
org.apache.http.impl.client.DefaultHttpRequestRetryHandler: boolean isRequestSentRetryEnabled()
org.apache.http.impl.client.DefaultHttpRequestRetryHandler: int getRetryCount()
org.apache.http.impl.client.DefaultHttpRequestRetryHandler: boolean handleAsIdempotent(org.apache.http.HttpRequest)
org.apache.http.impl.client.DefaultHttpRequestRetryHandler: boolean requestIsAborted(org.apache.http.HttpRequest)
org.apache.http.impl.client.DefaultHttpRequestRetryHandler: void <clinit>()
org.apache.http.impl.client.DefaultProxyAuthenticationHandler
org.apache.http.impl.client.DefaultProxyAuthenticationHandler: DefaultProxyAuthenticationHandler()
org.apache.http.impl.client.DefaultProxyAuthenticationHandler: boolean isAuthenticationRequested(org.apache.http.HttpResponse,org.apache.http.protocol.HttpContext)
org.apache.http.impl.client.DefaultProxyAuthenticationHandler: java.util.Map getChallenges(org.apache.http.HttpResponse,org.apache.http.protocol.HttpContext)
org.apache.http.impl.client.DefaultProxyAuthenticationHandler: java.util.List getAuthPreferences(org.apache.http.HttpResponse,org.apache.http.protocol.HttpContext)
org.apache.http.impl.client.DefaultRedirectHandler
org.apache.http.impl.client.DefaultRedirectHandler: org.apache.commons.logging.Log log
org.apache.http.impl.client.DefaultRedirectHandler: java.lang.String REDIRECT_LOCATIONS
org.apache.http.impl.client.DefaultRedirectHandler: DefaultRedirectHandler()
org.apache.http.impl.client.DefaultRedirectHandler: boolean isRedirectRequested(org.apache.http.HttpResponse,org.apache.http.protocol.HttpContext)
org.apache.http.impl.client.DefaultRedirectHandler: java.net.URI getLocationURI(org.apache.http.HttpResponse,org.apache.http.protocol.HttpContext)