IYiMing/proguard/mapping.txt
com.iyiming.mobile.BuildConfig -> com.iyiming.mobile.a:
    boolean DEBUG -> a
com.iyiming.mobile.R -> com.iyiming.mobile.b:
com.iyiming.mobile.R$anim -> com.iyiming.mobile.b$a:
    int pop_in_down_to_up -> pop_in_down_to_up
    int pop_in_up_to_down -> pop_in_up_to_down
    int pop_out_down_to_up -> pop_out_down_to_up
    int pop_out_up_to_down -> pop_out_up_to_down
    int umeng_socialize_fade_in -> umeng_socialize_fade_in
    int umeng_socialize_fade_out -> umeng_socialize_fade_out
    int umeng_socialize_shareboard_animation_in -> umeng_socialize_shareboard_animation_in
    int umeng_socialize_shareboard_animation_out -> umeng_socialize_shareboard_animation_out
    int umeng_socialize_slide_in_from_bottom -> umeng_socialize_slide_in_from_bottom
    int umeng_socialize_slide_out_from_bottom -> umeng_socialize_slide_out_from_bottom
com.iyiming.mobile.R$array -> com.iyiming.mobile.b$b:
    int country -> country
    int date -> date
    int progress_color_options -> progress_color_options
    int progress_value_options -> progress_value_options
    int wheel_color_options -> wheel_color_options
com.iyiming.mobile.R$attr -> com.iyiming.mobile.b$c:
    int barColor -> barColor
    int barSpinCycleTime -> barSpinCycleTime
    int barWidth -> barWidth
    int border_color -> border_color
    int border_width -> border_width
    int centered -> centered
    int circleRadius -> circleRadius
    int clipPadding -> clipPadding
    int corner_radius -> corner_radius
    int fadeDelay -> fadeDelay
    int fadeLength -> fadeLength
    int fades -> fades
    int fillColor -> fillColor
    int fillRadius -> fillRadius
    int footerColor -> footerColor
    int footerIndicatorHeight -> footerIndicatorHeight
    int footerIndicatorStyle -> footerIndicatorStyle
    int footerIndicatorUnderlinePadding -> footerIndicatorUnderlinePadding
    int footerLineHeight -> footerLineHeight
    int footerPadding -> footerPadding
    int gapWidth -> gapWidth
    int isScale -> isScale
    int linePosition -> linePosition
    int lineWidth -> lineWidth
    int linearProgress -> linearProgress
    int mdActiveIndicator -> mdActiveIndicator
    int mdAllowIndicatorAnimation -> mdAllowIndicatorAnimation
    int mdContentBackground -> mdContentBackground
    int mdDrawOverlay -> mdDrawOverlay
    int mdDrawerClosedUpContentDescription -> mdDrawerClosedUpContentDescription
    int mdDrawerOpenUpContentDescription -> mdDrawerOpenUpContentDescription
    int mdDropShadow -> mdDropShadow
    int mdDropShadowColor -> mdDropShadowColor
    int mdDropShadowEnabled -> mdDropShadowEnabled
com.iyiming.mobile.R$bool -> com.iyiming.mobile.b$d:
    int default_circle_indicator_centered -> default_circle_indicator_centered
    int default_circle_indicator_snap -> default_circle_indicator_snap
    int default_line_indicator_centered -> default_line_indicator_centered
    int default_title_indicator_selected_bold -> default_title_indicator_selected_bold
    int default_underline_indicator_fades -> default_underline_indicator_fades
...
com.google.gson.internal.bind.TypeAdapters$1 -> com.google.gson.internal.bind.TypeAdapters$1:
    64:70:void write(com.google.gson.stream.JsonWriter,java.lang.Class) -> write
    73:77:java.lang.Class read(com.google.gson.stream.JsonReader) -> read
    61:61:java.lang.Object read(com.google.gson.stream.JsonReader) -> read
    61:61:void write(com.google.gson.stream.JsonWriter,java.lang.Object) -> write
com.google.gson.internal.bind.TypeAdapters$10 -> com.google.gson.internal.bind.TypeAdapters$10:
    290:294:java.lang.Number read(com.google.gson.stream.JsonReader) -> read
    298:299:void write(com.google.gson.stream.JsonWriter,java.lang.Number) -> write
    287:287:java.lang.Object read(com.google.gson.stream.JsonReader) -> read
    287:287:void write(com.google.gson.stream.JsonWriter,java.lang.Object) -> write
com.google.gson.internal.bind.TypeAdapters$11 -> com.google.gson.internal.bind.TypeAdapters$11:
    305:313:java.lang.Number read(com.google.gson.stream.JsonReader) -> read
    318:319:void write(com.google.gson.stream.JsonWriter,java.lang.Number) -> write
    302:302:java.lang.Object read(com.google.gson.stream.JsonReader) -> read
    302:302:void write(com.google.gson.stream.JsonWriter,java.lang.Object) -> write
com.google.gson.internal.bind.TypeAdapters$12 -> com.google.gson.internal.bind.TypeAdapters$12:
    327:335:java.lang.Character read(com.google.gson.stream.JsonReader) -> read
    339:340:void write(com.google.gson.stream.JsonWriter,java.lang.Character) -> write
    324:324:java.lang.Object read(com.google.gson.stream.JsonReader) -> read
    324:324:void write(com.google.gson.stream.JsonWriter,java.lang.Object) -> write
com.google.gson.internal.bind.TypeAdapters$13 -> com.google.gson.internal.bind.TypeAdapters$13:
    349:358:java.lang.String read(com.google.gson.stream.JsonReader) -> read
    362:363:void write(com.google.gson.stream.JsonWriter,java.lang.String) -> write
    346:346:java.lang.Object read(com.google.gson.stream.JsonReader) -> read
    346:346:void write(com.google.gson.stream.JsonWriter,java.lang.Object) -> write
com.google.gson.internal.bind.TypeAdapters$14 -> com.google.gson.internal.bind.TypeAdapters$14:
    368:375:java.math.BigDecimal read(com.google.gson.stream.JsonReader) -> read
    380:381:void write(com.google.gson.stream.JsonWriter,java.math.BigDecimal) -> write
    366:366:java.lang.Object read(com.google.gson.stream.JsonReader) -> read
    366:366:void write(com.google.gson.stream.JsonWriter,java.lang.Object) -> write
com.google.gson.internal.bind.TypeAdapters$15 -> com.google.gson.internal.bind.TypeAdapters$15:
    386:393:java.math.BigInteger read(com.google.gson.stream.JsonReader) -> read
    398:399:void write(com.google.gson.stream.JsonWriter,java.math.BigInteger) -> write
    384:384:java.lang.Object read(com.google.gson.stream.JsonReader) -> read
    384:384:void write(com.google.gson.stream.JsonWriter,java.lang.Object) -> write
com.google.gson.internal.bind.TypeAdapters$16 -> com.google.gson.internal.bind.TypeAdapters$16:
    407:411:java.lang.StringBuilder read(com.google.gson.stream.JsonReader) -> read
    415:416:void write(com.google.gson.stream.JsonWriter,java.lang.StringBuilder) -> write
    404:404:java.lang.Object read(com.google.gson.stream.JsonReader) -> read
    404:404:void write(com.google.gson.stream.JsonWriter,java.lang.Object) -> write
com.google.gson.internal.bind.TypeAdapters$17 -> com.google.gson.internal.bind.TypeAdapters$17:
    425:429:java.lang.StringBuffer read(com.google.gson.stream.JsonReader) -> read
    433:434:void write(com.google.gson.stream.JsonWriter,java.lang.StringBuffer) -> write
    422:422:java.lang.Object read(com.google.gson.stream.JsonReader) -> read
    422:422:void write(com.google.gson.stream.JsonWriter,java.lang.Object) -> write